<?xml version="1.0" encoding="UTF-8"?>
<!-- Generated by org.testng.reporters.JUnitXMLReporter -->
<testsuite ignored="0" hostname="DESKTOP-3BKRARD" failures="0" tests="4" name="Default test" time="49.342" errors="0" timestamp="2025-08-31T16:31:25 IST">
  <testcase classname="pranayTest.ErrorValidation" name="ErrorNoProductFound" time="12.966"/>
  <testcase classname="pranayTest.ErrorValidation" name="ErrorNoProductFound" time="12.969"/>
  <testcase classname="pranayTest.ErrorValidation" name="ErrorValidation" time="1.855"/>
  <testcase classname="pranayTest.ErrorValidation" name="ErrorValidation" time="1.865"/>
</testsuite> <!-- Default test -->
