<?xml version="1.0" encoding="UTF-8"?>
<!-- Generated by org.testng.reporters.JUnitXMLReporter -->
<testsuite ignored="0" hostname="DESKTOP-3BKRARD" failures="0" tests="4" name="ErrorValidation" time="84.66" errors="0" timestamp="2025-09-01T10:36:09 IST">
  <testcase classname="pranayTest.ErrorValidation" name="ErrorNoProductFound" time="14.438"/>
  <testcase classname="pranayTest.ErrorValidation" name="ErrorNoProductFound" time="12.071"/>
  <testcase classname="pranayTest.ErrorValidation" name="ErrorValidation" time="2.201"/>
  <testcase classname="pranayTest.ErrorValidation" name="ErrorValidation" time="1.704"/>
</testsuite> <!-- ErrorValidation -->
