<?xml version="1.0" encoding="UTF-8"?>
<!-- Generated by org.testng.reporters.JUnitXMLReporter -->
<testsuite ignored="0" hostname="DESKTOP-3BKRARD" failures="0" tests="4" name="SubmitOrder" time="72.125" errors="0" timestamp="2025-08-29T13:53:27 IST">
  <testcase classname="pranayTest.SubmitOrder" name="SubmitOrder" time="6.942"/>
  <testcase classname="pranayTest.SubmitOrder" name="SubmitOrder" time="8.562"/>
  <testcase classname="pranayTest.SubmitOrder" name="orderHistory" time="22.701"/>
  <testcase classname="pranayTest.SubmitOrder" name="orderHistory" time="12.841"/>
</testsuite> <!-- SubmitOrder -->
