<?xml version="1.0" encoding="UTF-8"?>
<!-- Generated by org.testng.reporters.JUnitXMLReporter -->
<testsuite ignored="0" hostname="DESKTOP-3BKRARD" failures="0" tests="4" name="SubmitOrder" time="103.713" errors="0" timestamp="2025-09-01T10:36:27 IST">
  <testcase classname="pranayTest.SubmitOrder" name="SubmitOrder" time="6.236"/>
  <testcase classname="pranayTest.SubmitOrder" name="SubmitOrder" time="5.896"/>
  <testcase classname="pranayTest.SubmitOrder" name="orderHistory" time="22.218"/>
  <testcase classname="pranayTest.SubmitOrder" name="orderHistory" time="11.982"/>
</testsuite> <!-- SubmitOrder -->
