<?xml version="1.0" encoding="UTF-8"?>
<!-- Generated by org.testng.reporters.JUnitXMLReporter -->
<testsuite ignored="0" hostname="DESKTOP-3BKRARD" failures="0" tests="4" name="SubmitOrder" time="68.111" errors="0" timestamp="2025-08-29T17:39:15 IST">
  <testcase classname="pranayTest.SubmitOrder" name="SubmitOrder" time="6.148"/>
  <testcase classname="pranayTest.SubmitOrder" name="SubmitOrder" time="5.993"/>
  <testcase classname="pranayTest.SubmitOrder" name="orderHistory" time="22.417"/>
  <testcase classname="pranayTest.SubmitOrder" name="orderHistory" time="16.05"/>
</testsuite> <!-- SubmitOrder -->
