<?xml version="1.0" encoding="UTF-8"?>
<!-- Generated by org.testng.reporters.JUnitXMLReporter -->
<testsuite ignored="0" hostname="DESKTOP-3BKRARD" failures="1" tests="5" name="SubmitOrder" time="110.472" errors="0" timestamp="2025-08-30T15:58:43 IST">
  <testcase classname="pranayTest.SubmitOrder" name="SubmitOrder" time="19.614"/>
  <testcase classname="pranayTest.SubmitOrder" name="SubmitOrder" time="16.715"/>
  <testcase classname="pranayTest.SubmitOrder" name="orderHistory" time="4.653">
    <skipped/>
  </testcase> <!-- orderHistory -->
  <testcase classname="pranayTest.SubmitOrder" name="orderHistory" time="12.684">
    <failure type="java.lang.AssertionError" message="expected [true] but found [false]">
      <![CDATA[java.lang.AssertionError: expected [true] but found [false]
at pranayTest.SubmitOrder.orderHistory(SubmitOrder.java:48)
at java.base/java.util.ArrayList.forEach(ArrayList.java:1511)
... Removed 35 stack frames]]>
    </failure>
  </testcase> <!-- orderHistory -->
  <testcase classname="pranayTest.SubmitOrder" name="orderHistory" time="14.735"/>
</testsuite> <!-- SubmitOrder -->
