<?xml version="1.0" encoding="UTF-8"?>
<testng-results ignored="0" total="6" passed="6" failed="0" skipped="0">
  <reporter-output>
  </reporter-output>
  <suite started-at="2025-08-29T17:38:06 IST" name="Suite" finished-at="2025-08-29T17:39:30 IST" duration-ms="84394">
    <groups>
      <group name="ErrorHandling">
        <method signature="ErrorValidation.ErrorNoProductFound()[pri:0, instance:pranayTest.ErrorValidation@57c03d88]" name="ErrorNoProductFound" class="pranayTest.ErrorValidation"/>
        <method signature="ErrorValidation.ErrorValidation()[pri:0, instance:pranayTest.ErrorValidation@57c03d88]" name="ErrorValidation" class="pranayTest.ErrorValidation"/>
      </group> <!-- ErrorHandling -->
      <group name="purchase">
        <method signature="SubmitOrder.SubmitOrder(java.util.HashMap)[pri:0, instance:pranayTest.SubmitOrder@31edaa7d]" name="SubmitOrder" class="pranayTest.SubmitOrder"/>
      </group> <!-- purchase -->
    </groups>
    <test started-at="2025-08-29T17:38:06 IST" name="SubmitOrder" finished-at="2025-08-29T17:39:14 IST" duration-ms="68111">
      <class name="pranayTest.SubmitOrder">
        <test-method is-config="true" signature="launchApplication()[pri:0, instance:pranayTest.SubmitOrder@31edaa7d]" started-at="2025-08-29T17:38:07 IST" name="launchApplication" finished-at="2025-08-29T17:38:16 IST" duration-ms="9571" status="PASS">
          <reporter-output>
          </reporter-output>
        </test-method> <!-- launchApplication -->
        <test-method signature="SubmitOrder(java.util.HashMap)[pri:0, instance:pranayTest.SubmitOrder@31edaa7d]" started-at="2025-08-29T17:38:16 IST" name="SubmitOrder" description="Place an order and verify success message" data-provider="getData1" finished-at="2025-08-29T17:38:23 IST" duration-ms="6148" status="PASS">
          <params>
            <param index="0">
              <value>
                <![CDATA[{password=Star1234, product_name=Pant, email=bardepkk@gmail.com}]]>
              </value>
            </param>
          </params>
          <reporter-output>
          </reporter-output>
        </test-method> <!-- SubmitOrder -->
        <test-method is-config="true" signature="tearDown()[pri:0, instance:pranayTest.SubmitOrder@31edaa7d]" started-at="2025-08-29T17:38:23 IST" name="tearDown" finished-at="2025-08-29T17:38:23 IST" duration-ms="174" status="PASS">
          <reporter-output>
          </reporter-output>
        </test-method> <!-- tearDown -->
        <test-method is-config="true" signature="launchApplication()[pri:0, instance:pranayTest.SubmitOrder@31edaa7d]" started-at="2025-08-29T17:38:23 IST" name="launchApplication" finished-at="2025-08-29T17:38:25 IST" duration-ms="2242" status="PASS">
          <reporter-output>
          </reporter-output>
        </test-method> <!-- launchApplication -->
        <test-method signature="SubmitOrder(java.util.HashMap)[pri:0, instance:pranayTest.SubmitOrder@31edaa7d]" started-at="2025-08-29T17:38:25 IST" name="SubmitOrder" description="Place an order and verify success message" data-provider="getData1" finished-at="2025-08-29T17:38:31 IST" duration-ms="5993" status="PASS">
          <params>
            <param index="0">
              <value>
                <![CDATA[{password=Abcd1234@, product_name=ADIDAS ORIGINAL, email=pranaybn@gmail.com}]]>
              </value>
            </param>
          </params>
          <reporter-output>
          </reporter-output>
        </test-method> <!-- SubmitOrder -->
        <test-method is-config="true" signature="tearDown()[pri:0, instance:pranayTest.SubmitOrder@31edaa7d]" started-at="2025-08-29T17:38:31 IST" name="tearDown" finished-at="2025-08-29T17:38:31 IST" duration-ms="141" status="PASS">
          <reporter-output>
          </reporter-output>
        </test-method> <!-- tearDown -->
        <test-method is-config="true" signature="launchApplication()[pri:0, instance:pranayTest.SubmitOrder@31edaa7d]" started-at="2025-08-29T17:38:31 IST" name="launchApplication" finished-at="2025-08-29T17:38:33 IST" duration-ms="2237" status="PASS">
          <reporter-output>
          </reporter-output>
        </test-method> <!-- launchApplication -->
        <test-method signature="orderHistory(java.lang.String,java.lang.String,java.lang.String)[pri:0, instance:pranayTest.SubmitOrder@31edaa7d]" started-at="2025-08-29T17:38:33 IST" name="orderHistory" description="Verify order history and deletion" data-provider="getData2" finished-at="2025-08-29T17:38:56 IST" depends-on-methods="pranayTest.SubmitOrder.SubmitOrder" duration-ms="22417" status="PASS">
          <params>
            <param index="0">
              <value>
                <![CDATA[bardepkk@gmail.com]]>
              </value>
            </param>
            <param index="1">
              <value>
                <![CDATA[Star1234]]>
              </value>
            </param>
            <param index="2">
              <value>
                <![CDATA[Pant]]>
              </value>
            </param>
          </params>
          <reporter-output>
          </reporter-output>
        </test-method> <!-- orderHistory -->
        <test-method is-config="true" signature="tearDown()[pri:0, instance:pranayTest.SubmitOrder@31edaa7d]" started-at="2025-08-29T17:38:56 IST" name="tearDown" finished-at="2025-08-29T17:38:56 IST" duration-ms="142" status="PASS">
          <reporter-output>
          </reporter-output>
        </test-method> <!-- tearDown -->
        <test-method is-config="true" signature="launchApplication()[pri:0, instance:pranayTest.SubmitOrder@31edaa7d]" started-at="2025-08-29T17:38:56 IST" name="launchApplication" finished-at="2025-08-29T17:38:58 IST" duration-ms="1925" status="PASS">
          <reporter-output>
          </reporter-output>
        </test-method> <!-- launchApplication -->
        <test-method signature="orderHistory(java.lang.String,java.lang.String,java.lang.String)[pri:0, instance:pranayTest.SubmitOrder@31edaa7d]" started-at="2025-08-29T17:38:58 IST" name="orderHistory" description="Verify order history and deletion" data-provider="getData2" finished-at="2025-08-29T17:39:14 IST" depends-on-methods="pranayTest.SubmitOrder.SubmitOrder" duration-ms="16050" status="PASS">
          <params>
            <param index="0">
              <value>
                <![CDATA[pranaybn@gmail.com]]>
              </value>
            </param>
            <param index="1">
              <value>
                <![CDATA[Abcd1234@]]>
              </value>
            </param>
            <param index="2">
              <value>
                <![CDATA[ADIDAS ORIGINAL]]>
              </value>
            </param>
          </params>
          <reporter-output>
          </reporter-output>
        </test-method> <!-- orderHistory -->
        <test-method is-config="true" signature="tearDown()[pri:0, instance:pranayTest.SubmitOrder@31edaa7d]" started-at="2025-08-29T17:39:14 IST" name="tearDown" finished-at="2025-08-29T17:39:14 IST" duration-ms="181" status="PASS">
          <reporter-output>
          </reporter-output>
        </test-method> <!-- tearDown -->
      </class> <!-- pranayTest.SubmitOrder -->
    </test> <!-- SubmitOrder -->
    <test started-at="2025-08-29T17:39:15 IST" name="ErrorValidation" finished-at="2025-08-29T17:39:30 IST" duration-ms="15503">
      <class name="pranayTest.ErrorValidation">
        <test-method is-config="true" signature="launchApplication()[pri:0, instance:pranayTest.ErrorValidation@57c03d88]" started-at="2025-08-29T17:39:15 IST" name="launchApplication" finished-at="2025-08-29T17:39:18 IST" duration-ms="3214" status="PASS">
          <reporter-output>
          </reporter-output>
        </test-method> <!-- launchApplication -->
        <test-method signature="ErrorNoProductFound()[pri:0, instance:pranayTest.ErrorValidation@57c03d88]" started-at="2025-08-29T17:39:18 IST" name="ErrorNoProductFound" finished-at="2025-08-29T17:39:22 IST" duration-ms="3801" status="PASS">
          <reporter-output>
          </reporter-output>
        </test-method> <!-- ErrorNoProductFound -->
        <test-method is-config="true" signature="tearDown()[pri:0, instance:pranayTest.ErrorValidation@57c03d88]" started-at="2025-08-29T17:39:22 IST" name="tearDown" finished-at="2025-08-29T17:39:22 IST" duration-ms="155" status="PASS">
          <reporter-output>
          </reporter-output>
        </test-method> <!-- tearDown -->
        <test-method is-config="true" signature="launchApplication()[pri:0, instance:pranayTest.ErrorValidation@57c03d88]" started-at="2025-08-29T17:39:22 IST" name="launchApplication" finished-at="2025-08-29T17:39:28 IST" duration-ms="6184" status="PASS">
          <reporter-output>
          </reporter-output>
        </test-method> <!-- launchApplication -->
        <test-method signature="ErrorValidation()[pri:0, instance:pranayTest.ErrorValidation@57c03d88]" started-at="2025-08-29T17:39:28 IST" name="ErrorValidation" finished-at="2025-08-29T17:39:30 IST" duration-ms="2014" status="PASS">
          <reporter-output>
          </reporter-output>
        </test-method> <!-- ErrorValidation -->
        <test-method is-config="true" signature="tearDown()[pri:0, instance:pranayTest.ErrorValidation@57c03d88]" started-at="2025-08-29T17:39:30 IST" name="tearDown" finished-at="2025-08-29T17:39:30 IST" duration-ms="123" status="PASS">
          <reporter-output>
          </reporter-output>
        </test-method> <!-- tearDown -->
      </class> <!-- pranayTest.ErrorValidation -->
    </test> <!-- ErrorValidation -->
  </suite> <!-- Suite -->
</testng-results>
